0 info it worked if it ends with ok
1 verbose cli [ 'C:\\Program Files\\nodejs\\node.exe',
1 verbose cli   'C:\\Users\\Ron\\AppData\\Roaming\\npm\\node_modules\\npm\\bin\\npm-cli.js',
1 verbose cli   'start' ]
2 info using npm@3.5.3
3 info using node@v5.3.0
4 verbose run-script [ 'prestart', 'start', 'poststart' ]
5 info lifecycle townHall@1.0.0~prestart: townHall@1.0.0
6 silly lifecycle townHall@1.0.0~prestart: no script for prestart, continuing
7 info lifecycle townHall@1.0.0~start: townHall@1.0.0
8 verbose lifecycle townHall@1.0.0~start: unsafe-perm in lifecycle true
9 verbose lifecycle townHall@1.0.0~start: PATH: C:\Users\Ron\AppData\Roaming\npm\node_modules\npm\bin\node-gyp-bin;C:\Users\Ron\Hackreactor\boorishpenguin\node_modules\.bin;C:\ProgramData\Oracle\Java\javapath;C:\Program Files (x86)\Intel\iCLS Client\;C:\Program Files\Intel\iCLS Client\;C:\Windows\system32;C:\Windows;C:\Windows\System32\Wbem;C:\Windows\System32\WindowsPowerShell\v1.0\;C:\Program Files\Intel\Intel(R) Management Engine Components\DAL;C:\Program Files (x86)\Intel\Intel(R) Management Engine Components\DAL;C:\Program Files\Intel\Intel(R) Management Engine Components\IPT;C:\Program Files (x86)\Intel\Intel(R) Management Engine Components\IPT;C:\Program Files (x86)\Windows Kits\8.1\Windows Performance Toolkit\;C:\Program Files\Microsoft SQL Server\110\Tools\Binn\;C:\Program Files (x86)\NVIDIA Corporation\PhysX\Common;C:\WINDOWS\system32;C:\WINDOWS;C:\WINDOWS\System32\Wbem;C:\WINDOWS\System32\WindowsPowerShell\v1.0\;C:\WINDOWS\system32\config\systemprofile\.dnx\bin;C:\Program Files\Microsoft DNX\Dnvm\;C:\Program Files\nodejs\;C:\Program Files (x86)\Heroku\bin;C:\Program Files (x86)\git\cmd;C:\Users\Ron\AppData\Local\Programs\Git\cmd;C:\Program Files (x86)\Skype\Phone\;C:\Ruby22-x64\bin;C:\Users\Ron\AppData\Local\Programs\Python\Python35-32\Scripts\;C:\Users\Ron\AppData\Local\Programs\Python\Python35-32\;C:\Users\Ron\AppData\Local\Programs\Python\Launcher\;D:\RailsInstaller\Ruby2.1.0\bin;C:\command line apps;C:\Users\Ron\AppData\Local\Programs\Git\cmd;C:\Users\Ron\AppData\Roaming\npm;C:\Program Files (x86)\Microsoft VS Code\bin
10 verbose lifecycle townHall@1.0.0~start: CWD: C:\Users\Ron\Hackreactor\boorishpenguin
11 silly lifecycle townHall@1.0.0~start: Args: [ '/d /s /c', 'node server/server.js' ]
12 silly lifecycle townHall@1.0.0~start: Returned: code: 1  signal: null
13 info lifecycle townHall@1.0.0~start: Failed to exec start script
14 verbose stack Error: townHall@1.0.0 start: `node server/server.js`
14 verbose stack Exit status 1
14 verbose stack     at EventEmitter.<anonymous> (C:\Users\Ron\AppData\Roaming\npm\node_modules\npm\lib\utils\lifecycle.js:232:16)
14 verbose stack     at emitTwo (events.js:87:13)
14 verbose stack     at EventEmitter.emit (events.js:172:7)
14 verbose stack     at ChildProcess.<anonymous> (C:\Users\Ron\AppData\Roaming\npm\node_modules\npm\lib\utils\spawn.js:24:14)
14 verbose stack     at emitTwo (events.js:87:13)
14 verbose stack     at ChildProcess.emit (events.js:172:7)
14 verbose stack     at maybeClose (internal/child_process.js:818:16)
14 verbose stack     at Process.ChildProcess._handle.onexit (internal/child_process.js:211:5)
15 verbose pkgid townHall@1.0.0
16 verbose cwd C:\Users\Ron\Hackreactor\boorishpenguin
17 error Windows_NT 10.0.10586
18 error argv "C:\\Program Files\\nodejs\\node.exe" "C:\\Users\\Ron\\AppData\\Roaming\\npm\\node_modules\\npm\\bin\\npm-cli.js" "start"
19 error node v5.3.0
20 error npm  v3.5.3
21 error code ELIFECYCLE
22 error townHall@1.0.0 start: `node server/server.js`
22 error Exit status 1
23 error Failed at the townHall@1.0.0 start script 'node server/server.js'.
23 error Make sure you have the latest version of node.js and npm installed.
23 error If you do, this is most likely a problem with the townHall package,
23 error not with npm itself.
23 error Tell the author that this fails on your system:
23 error     node server/server.js
23 error You can get information on how to open an issue for this project with:
23 error     npm bugs townHall
23 error Or if that isn't available, you can get their info via:
23 error     npm owner ls townHall
23 error There is likely additional logging output above.
24 verbose exit [ 1, true ]
